<?xml version="1.0" encoding="UTF-8"?>
<!-- Generated by org.testng.reporters.JUnitReportReporter -->
<testsuite hostname="DESKTOP-440KVED" failures="0" tests="20" name="org.end.Project" time="37.371" errors="0" timestamp="2024-03-28T09:36:27 IST" skipped="0">
  <testcase classname="org.end.Project" name="fillTextBox" time="1.619"/>
  <system-out/>
  <testcase classname="org.end.Project" name="radioButton" time="0.165"/>
  <system-out/>
  <testcase classname="org.end.Project" name="checkBox" time="0.660"/>
  <system-out/>
  <testcase classname="org.end.Project" name="dropDown" time="0.273"/>
  <system-out/>
  <testcase classname="org.end.Project" name="selectable" time="0.360"/>
  <system-out/>
  <testcase classname="org.end.Project" name="calendarDate" time="0.367"/>
  <system-out/>
  <testcase classname="org.end.Project" name="opencartLink" time="7.329"/>
  <system-out/>
  <testcase classname="org.end.Project" name="orangeHrmLink" time="10.254"/>
  <system-out/>
  <testcase classname="org.end.Project" name="postsAtomLink" time="0.768"/>
  <system-out/>
  <testcase classname="org.end.Project" name="table" time="0.600"/>
  <system-out/>
  <testcase classname="org.end.Project" name="paginationTable" time="0.517"/>
  <system-out/>
  <testcase classname="org.end.Project" name="tabsLink" time="1.003"/>
  <system-out/>
  <testcase classname="org.end.Project" name="newBrowserWindow" time="0.764"/>
  <system-out/>
  <testcase classname="org.end.Project" name="jsAlert" time="0.737"/>
  <system-out/>
  <testcase classname="org.end.Project" name="doubleClick" time="0.376"/>
  <system-out/>
  <testcase classname="org.end.Project" name="dragAndDrop" time="0.379"/>
  <system-out/>
  <testcase classname="org.end.Project" name="sliderBar" time="0.484"/>
  <system-out/>
  <testcase classname="org.end.Project" name="frames" time="5.038"/>
  <system-out/>
  <testcase classname="org.end.Project" name="reSize" time="0.542"/>
  <system-out/>
  <testcase classname="org.end.Project" name="homeButton" time="5.136"/>
  <system-out/>
</testsuite> <!-- org.end.Project -->
